# JRE version: Java(TM) SE Runtime Environment (8.0_45-b15) (build 1.8.0_45-b15)
# Java VM: Java HotSpot(TM) Client VM (25.45-b02 mixed mode, sharing windows-x86 )
Heap:
 def new generation   total 4928K, used 4716K [0x03c00000, 0x04150000, 0x090a0000)
  eden space 4416K,  95% used [0x03c00000, 0x0401b180, 0x04050000)
  from space 512K, 100% used [0x04050000, 0x040d0000, 0x040d0000)
  to   space 512K,   0% used [0x040d0000, 0x040d0000, 0x04150000)
 tenured generation   total 10944K, used 2250K [0x090a0000, 0x09b50000, 0x13a00000)
   the space 10944K,  20% used [0x090a0000, 0x092d28b0, 0x092d2a00, 0x09b50000)
 Metaspace       used 1635K, capacity 2833K, committed 2880K, reserved 4480K
GC Heap History (4 events):
Event: 0.687 GC heap before
{Heap before GC invocations=0 (full 0):
 def new generation   total 4928K, used 4416K [0x03c00000, 0x04150000, 0x090a0000)
  eden space 4416K, 100% used [0x03c00000, 0x04050000, 0x04050000)
  from space 512K,   0% used [0x04050000, 0x04050000, 0x040d0000)
  to   space 512K,   0% used [0x040d0000, 0x040d0000, 0x04150000)
 tenured generation   total 10944K, used 0K [0x090a0000, 0x09b50000, 0x13a00000)
   the space 10944K,   0% used [0x090a0000, 0x090a0000, 0x090a0200, 0x09b50000)
 Metaspace       used 925K, capacity 2532K, committed 2624K, reserved 4480K
Event: 0.698 GC heap after
Heap after GC invocations=1 (full 0):
 def new generation   total 4928K, used 512K [0x03c00000, 0x04150000, 0x090a0000)
  eden space 4416K,   0% used [0x03c00000, 0x03c00000, 0x04050000)
  from space 512K, 100% used [0x040d0000, 0x04150000, 0x04150000)
  to   space 512K,   0% used [0x04050000, 0x04050000, 0x040d0000)
 tenured generation   total 10944K, used 1360K [0x090a0000, 0x09b50000, 0x13a00000)
   the space 10944K,  12% used [0x090a0000, 0x091f4110, 0x091f4200, 0x09b50000)
 Metaspace       used 925K, capacity 2532K, committed 2624K, reserved 4480K
}
Event: 7.296 GC heap before
{Heap before GC invocations=1 (full 0):
 def new generation   total 4928K, used 4525K [0x03c00000, 0x04150000, 0x090a0000)
  eden space 4416K,  90% used [0x03c00000, 0x03feb4c8, 0x04050000)
  from space 512K, 100% used [0x040d0000, 0x04150000, 0x04150000)
  to   space 512K,   0% used [0x04050000, 0x04050000, 0x040d0000)
 tenured generation   total 10944K, used 1360K [0x090a0000, 0x09b50000, 0x13a00000)
   the space 10944K,  12% used [0x090a0000, 0x091f4110, 0x091f4200, 0x09b50000)
 Metaspace       used 1623K, capacity 2833K, committed 2880K, reserved 4480K
Event: 7.309 GC heap after
Heap after GC invocations=2 (full 0):
 def new generation   total 4928K, used 512K [0x03c00000, 0x04150000, 0x090a0000)
  eden space 4416K,   0% used [0x03c00000, 0x03c00000, 0x04050000)
  from space 512K, 100% used [0x04050000, 0x040d0000, 0x040d0000)
  to   space 512K,   0% used [0x040d0000, 0x040d0000, 0x04150000)
 tenured generation   total 10944K, used 2250K [0x090a0000, 0x09b50000, 0x13a00000)
   the space 10944K,  20% used [0x090a0000, 0x092d28b0, 0x092d2a00, 0x09b50000)
 Metaspace       used 1623K, capacity 2833K, committed 2880K, reserved 4480K
}

